<?xml version="1.0" encoding="UTF-8"?>
<!-- Generated by org.testng.reporters.JUnitXMLReporter -->
<testsuite ignored="0" hostname="PC" failures="0" tests="4" name="Test" time="8.163" errors="0" timestamp="2023-05-26T13:53:49 IST">
  <testcase classname="TestClassPackage1.Post_TC_1" name="execute" time="3.934"/>
  <testcase classname="TestClassPackage1.Post_TC_2" name="execute" time="1.407"/>
  <testcase classname="TestClassPackage1.Post_TC_3" name="execute" time="1.446"/>
  <testcase classname="TestClassPackage1.Post_TC_4" name="execute" time="1.268"/>
</testsuite> <!-- Test -->
