<?xml version="1.0" encoding="UTF-8"?>
<testng-results ignored="0" total="4" passed="4" failed="0" skipped="0">
  <reporter-output>
  </reporter-output>
  <suite started-at="2023-05-26T13:53:41 IST" name="Suite" finished-at="2023-05-26T13:53:49 IST" duration-ms="8163">
    <groups>
    </groups>
    <test started-at="2023-05-26T13:53:41 IST" name="Test" finished-at="2023-05-26T13:53:49 IST" duration-ms="8163">
      <class name="TestClassPackage1.Post_TC_4">
        <test-method signature="execute()[pri:0, instance:TestClassPackage1.Post_TC_4@5454d35e]" started-at="2023-05-26T13:53:48 IST" name="execute" finished-at="2023-05-26T13:53:49 IST" duration-ms="1268" status="PASS">
          <reporter-output>
          </reporter-output>
        </test-method> <!-- execute -->
      </class> <!-- TestClassPackage1.Post_TC_4 -->
      <class name="TestClassPackage1.Post_TC_2">
        <test-method signature="execute()[pri:0, instance:TestClassPackage1.Post_TC_2@71329995]" started-at="2023-05-26T13:53:45 IST" name="execute" finished-at="2023-05-26T13:53:46 IST" duration-ms="1407" status="PASS">
          <reporter-output>
          </reporter-output>
        </test-method> <!-- execute -->
      </class> <!-- TestClassPackage1.Post_TC_2 -->
      <class name="TestClassPackage1.Post_TC_3">
        <test-method signature="execute()[pri:0, instance:TestClassPackage1.Post_TC_3@768fc0f2]" started-at="2023-05-26T13:53:46 IST" name="execute" finished-at="2023-05-26T13:53:48 IST" duration-ms="1446" status="PASS">
          <reporter-output>
          </reporter-output>
        </test-method> <!-- execute -->
      </class> <!-- TestClassPackage1.Post_TC_3 -->
      <class name="TestClassPackage1.Post_TC_1">
        <test-method signature="execute()[pri:0, instance:TestClassPackage1.Post_TC_1@2d6c53fc]" started-at="2023-05-26T13:53:41 IST" name="execute" finished-at="2023-05-26T13:53:45 IST" duration-ms="3934" status="PASS">
          <reporter-output>
          </reporter-output>
        </test-method> <!-- execute -->
      </class> <!-- TestClassPackage1.Post_TC_1 -->
    </test> <!-- Test -->
  </suite> <!-- Suite -->
</testng-results>
